Arguments: 
  /home/ricardo/.nvm/versions/node/v6.11.0/bin/node /usr/share/yarn/bin/yarn.js init

PATH: 
  /home/ricardo/.rvm/gems/ruby-2.4.1/bin:/home/ricardo/.rvm/gems/ruby-2.4.1@global/bin:/home/ricardo/.rvm/rubies/ruby-2.4.1/bin:/home/ricardo/.nvm/versions/node/v6.11.0/bin:/home/linuxbrew/.linuxbrew/bin:/home/ricardo/bin:/home/ricardo/.local/bin:/usr/local/sbin:/usr/local/bin:/usr/sbin:/usr/bin:/sbin:/bin:/usr/games:/usr/local/games:/snap/bin:/home/ricardo/.rvm/bin:/home/ricardo/.rvm/bin:/home/ricardo/sdk/android-sdk-linux/platform-tools:/home/ricardo/sdk/android-sdk-linux/tools:/home/ricardo/sdk/android-sdk-linux/build-tools/22.0.1/

Yarn version: 
  1.3.2

Node version: 
  6.11.0

Platform: 
  linux x64

npm manifest: 
  No manifest

yarn manifest: 
  No manifest

Lockfile: 
  No lockfile

Trace: 
  Error: canceled
      at Interface.<anonymous> (/usr/share/yarn/lib/cli.js:121045:13)
      at emitNone (events.js:86:13)
      at Interface.emit (events.js:185:7)
      at Interface._ttyWrite (readline.js:726:16)
      at ReadStream.onkeypress (readline.js:120:10)
      at emitTwo (events.js:106:13)
      at ReadStream.emit (events.js:191:7)
      at emitKeys (internal/readline.js:389:14)
      at next (native)
      at ReadStream.onData (readline.js:972:36)
